<?xml version="1.0" encoding="UTF-8"?>
<!-- Generated by org.testng.reporters.JUnitReportReporter -->
<testsuite hostname="KAVI-VASANTH" failures="0" tests="4" name="com.testng.Simple_Annotations" time="0.028" errors="0" timestamp="2022-11-15T17:06:02 IST" skipped="0">
  <testcase classname="com.testng.Simple_Annotations" name="laptop" time="0.002"/>
  <system-out/>
  <testcase classname="com.testng.Simple_Annotations" name="laptop" time="0.005"/>
  <system-out/>
  <testcase classname="com.testng.Simple_Annotations" name="airpods" time="0.016"/>
  <system-out/>
  <testcase classname="com.testng.Simple_Annotations" name="mobile" time="0.005"/>
  <system-out/>
</testsuite> <!-- com.testng.Simple_Annotations -->
