<?xml version="1.0" encoding="UTF-8"?>
<!-- Generated by org.testng.reporters.JUnitReportReporter -->
<testsuite hostname="KAVI-VASANTH" failures="0" tests="2" name="com.testng.Parameterized_Pratice" time="0.016" errors="0" timestamp="2022-11-17T16:34:57 IST" skipped="0">
  <testcase classname="com.testng.Parameterized_Pratice" name="credentials" time="0.002"/>
  <system-out/>
  <testcase classname="com.testng.Parameterized_Pratice" name="changePassword" time="0.014"/>
  <system-out/>
</testsuite> <!-- com.testng.Parameterized_Pratice -->
