<?xml version="1.0" encoding="UTF-8"?>
<!-- Generated by org.testng.reporters.JUnitReportReporter -->
<testsuite hostname="KAVI-VASANTH" failures="0" tests="2" name="com.testng.Dependency_Practice" time="0.027" errors="0" timestamp="2022-11-17T01:47:11 IST" skipped="0">
  <testcase classname="com.testng.Dependency_Practice" name="credentials" time="0.025"/>
  <system-out/>
  <testcase classname="com.testng.Dependency_Practice" name="login" time="0.002"/>
  <system-out/>
</testsuite> <!-- com.testng.Dependency_Practice -->
