<?xml version="1.0" encoding="UTF-8"?>
<!-- Generated by org.testng.reporters.JUnitReportReporter -->
<testsuite hostname="KAVI-VASANTH" failures="0" tests="2" name="com.testng.Ignore_Pratice" time="0.015" errors="0" timestamp="2022-11-17T01:44:58 IST" skipped="1">
  <testcase classname="com.testng.Ignore_Pratice" name="lux" time="0.015"/>
  <system-out/>
  <testcase classname="com.testng.Ignore_Pratice" name="lifeboy">
    <skipped/>
  </testcase> <!-- lifeboy -->
  <system-out/>
</testsuite> <!-- com.testng.Ignore_Pratice -->
