<?xml version="1.0" encoding="UTF-8"?>
<!-- Generated by org.testng.reporters.JUnitReportReporter -->
<testsuite hostname="KAVI-VASANTH" failures="0" tests="7" name="com.testng.Groups_Practice" time="0.039" errors="0" timestamp="2022-11-17T01:46:35 IST" skipped="0">
  <testcase classname="com.testng.Groups_Practice" name="mysoresandal" time="0.003"/>
  <system-out/>
  <testcase classname="com.testng.Groups_Practice" name="pears" time="0.004"/>
  <system-out/>
  <testcase classname="com.testng.Groups_Practice" name="pen" time="0.007"/>
  <system-out/>
  <testcase classname="com.testng.Groups_Practice" name="lux" time="0.006"/>
  <system-out/>
  <testcase classname="com.testng.Groups_Practice" name="pencil" time="0.002"/>
  <system-out/>
  <testcase classname="com.testng.Groups_Practice" name="book" time="0.013"/>
  <system-out/>
  <testcase classname="com.testng.Groups_Practice" name="lifeboy" time="0.004"/>
  <system-out/>
</testsuite> <!-- com.testng.Groups_Practice -->
