<?xml version="1.0" encoding="UTF-8"?>
<!-- Generated by org.testng.reporters.JUnitReportReporter -->
<testsuite hostname="KAVI-VASANTH" failures="0" tests="3" name="com.testng.Dataprovider_Practice" time="0.022" errors="0" timestamp="2022-11-17T16:36:05 IST" skipped="0">
  <testcase classname="com.testng.Dataprovider_Practice" name="credentials" time="0.006"/>
  <system-out/>
  <testcase classname="com.testng.Dataprovider_Practice" name="credentials" time="0.013"/>
  <system-out/>
  <testcase classname="com.testng.Dataprovider_Practice" name="credentials" time="0.003"/>
  <system-out/>
</testsuite> <!-- com.testng.Dataprovider_Practice -->
