<?xml version="1.0" encoding="UTF-8"?>
<!-- Generated by org.testng.reporters.JUnitReportReporter -->
<testsuite hostname="KAVI-VASANTH" failures="0" tests="2" name="com.testng.ParallelTesting_Practice" time="0.049" errors="0" timestamp="2022-11-17T20:58:16 IST" skipped="0">
  <testcase classname="com.testng.ParallelTesting_Practice" name="flipkart" time="0.025"/>
  <system-out/>
  <testcase classname="com.testng.ParallelTesting_Practice" name="amazon" time="0.024"/>
  <system-out/>
</testsuite> <!-- com.testng.ParallelTesting_Practice -->
