<?xml version="1.0" encoding="UTF-8"?>
<!-- Generated by org.testng.reporters.JUnitReportReporter -->
<testsuite hostname="KAVI-VASANTH" failures="0" tests="1" name="com.testng.Soft_Assert_Practice" time="0.027" errors="0" timestamp="2022-11-18T21:02:45 IST" skipped="0">
  <testcase classname="com.testng.Soft_Assert_Practice" name="sap" time="0.027"/>
  <system-out/>
</testsuite> <!-- com.testng.Soft_Assert_Practice -->
