<?xml version="1.0" encoding="UTF-8"?>
<!-- Generated by org.testng.reporters.JUnitReportReporter -->
<testsuite hostname="KAVI-VASANTH" failures="0" tests="1" name="com.testng.Timeout_Practice" time="2.106" errors="0" timestamp="2022-11-17T16:33:02 IST" skipped="0">
  <testcase classname="com.testng.Timeout_Practice" name="login" time="2.106"/>
  <system-out/>
</testsuite> <!-- com.testng.Timeout_Practice -->
