<?xml version="1.0" encoding="UTF-8"?>
<!-- Generated by org.testng.reporters.JUnitReportReporter -->
<testsuite hostname="KAVI-VASANTH" failures="0" tests="1" name="com.testng.Expected_Exception_Practice" time="0.023" errors="0" timestamp="2022-11-17T16:34:01 IST" skipped="0">
  <testcase classname="com.testng.Expected_Exception_Practice" name="exception" time="0.023"/>
  <system-out/>
</testsuite> <!-- com.testng.Expected_Exception_Practice -->
