<?xml version="1.0" encoding="UTF-8"?>
<!-- Generated by org.testng.reporters.JUnitReportReporter -->
<testsuite hostname="KAVI-VASANTH" failures="0" tests="1" name="com.testng.Hard_Assert_Practice" time="0.023" errors="0" timestamp="2022-11-18T20:58:57 IST" skipped="0">
  <testcase classname="com.testng.Hard_Assert_Practice" name="hap" time="0.023"/>
  <system-out/>
</testsuite> <!-- com.testng.Hard_Assert_Practice -->
